11/30/2023  05:43:35 PM:INFO:#############TC_001 Started#############
11/30/2023  05:43:39 PM:INFO:#############TC_001 Complete#############
11/30/2023  05:43:42 PM:INFO:#############TC_001 Started#############
11/30/2023  05:43:45 PM:INFO:#############TC_001 Complete#############
11/30/2023  09:05:16 PM:INFO:#############TC_001 Started#############
11/30/2023  09:05:20 PM:INFO:#############TC_001 Complete#############
11/30/2023  09:05:22 PM:INFO:#############TC_001 Started#############
11/30/2023  09:05:25 PM:INFO:#############TC_001 Complete#############
11/30/2023  09:10:06 PM:INFO:#############TC_001 Started#############
11/30/2023  09:10:10 PM:INFO:#############TC_001 Complete#############
11/30/2023  09:12:08 PM:INFO:#############TC_001 Started#############
11/30/2023  09:12:13 PM:INFO:#############TC_001 Complete#############
11/30/2023  09:12:20 PM:INFO:#############TC_001 Started#############
11/30/2023  09:12:24 PM:INFO:#############TC_001 Complete#############
11/30/2023  09:15:54 PM:INFO:#############TC_001 Started#############
11/30/2023  09:15:59 PM:INFO:#############TC_001 Complete#############
11/30/2023  09:16:06 PM:INFO:#############TC_001 Started#############
11/30/2023  09:16:10 PM:INFO:#############TC_001 Complete#############
11/30/2023  09:45:59 PM:INFO:#############TC_001 Started#############
11/30/2023  09:46:04 PM:INFO:#############TC_001 Complete#############
11/30/2023  09:46:06 PM:INFO:#############TC_001 Started#############
11/30/2023  09:46:10 PM:INFO:#############TC_001 Complete#############
12/01/2023  03:00:25 PM:INFO:#############TC_001 Started#############
12/01/2023  03:00:28 PM:INFO:#############TC_001 Complete#############
12/01/2023  03:00:30 PM:INFO:#############TC_001 Started#############
12/01/2023  03:00:33 PM:INFO:#############TC_001 Complete#############
12/01/2023  03:09:01 PM:INFO:#############TC_001 Started#############
12/01/2023  03:09:05 PM:INFO:#############TC_001 Complete#############
12/01/2023  03:09:07 PM:INFO:#############TC_001 Started#############
12/01/2023  03:09:09 PM:INFO:#############TC_001 Complete#############
12/03/2023  12:58:26 PM:INFO:####################CertificationEnrolled Test Case Started#################
12/03/2023  12:59:41 PM:INFO:####################CertificationEnrolled Test Case Started#################
12/03/2023  01:00:59 PM:INFO:####################CertificationEnrolled Test Case Started#################
12/03/2023  01:01:08 PM:INFO:####################CertificationEnrolled Test Case Completed#################
12/05/2023  11:17:11 AM:INFO:#############TC_001 Started#############
12/05/2023  11:17:14 AM:INFO:#############TC_001 Complete#############
12/05/2023  11:17:17 AM:INFO:#############TC_001 Started#############
12/05/2023  11:17:20 AM:INFO:#############TC_001 Complete#############
12/26/2023  10:00:01 PM:INFO:####################CertificationEnrolled Test Case Started#################
12/26/2023  10:00:09 PM:INFO:####################CertificationEnrolled Test Case Completed#################
